2023-05-04 10:09:48	[INFO]:	(logger.go:21):	init logger
2023-05-04 10:37:11	[INFO]:	(logger.go:21):	init logger
2023-05-04 10:37:11	[INFO]:	(config.go:27):	getting env. appID=wx5046b7123c5bb976, appSecret=6702f6773874195b079c1a161861946a

2023-05-04 10:37:57	[INFO]:	(handler.go:40):	Request: signature=b27ccba5b4d7a8c006a9fab4d86c345ee3a577e3, timestamp=1683196678, nonce=1193570767, echostr=1872921641906863087, hashcode=b27ccba5b4d7a8c006a9fab4d86c345ee3a577e3

2023-05-04 10:38:26	[INFO]:	(handler.go:58):	receive user msg {{ xml} gh_138ce676843c opCoc67q11dqd7FuI_BIxaUGYK-I 1683196701 event 0       CLICK V1001_THREE}
2023-05-04 10:38:26	[INFO]:	(sender_text.go:31):	Send text msg {{{ } opCoc67q11dqd7FuI_BIxaUGYK-I gh_138ce676843c 1683196706 text} 投币点赞收藏，一键三连！}
2023-05-04 10:38:40	[INFO]:	(handler.go:58):	receive user msg {{ xml} gh_138ce676843c opCoc67q11dqd7FuI_BIxaUGYK-I 1683196720 text 24097582208984553  123      }
2023-05-04 10:38:40	[INFO]:	(sender_text.go:31):	Send text msg {{{ } opCoc67q11dqd7FuI_BIxaUGYK-I gh_138ce676843c 1683196720 text} 点下面的菜单选择功能哦~}
{"date":"2023-05-04 10:40:43","level":"INFO","file":"logger.go:22","detail":"init logger"}
{"date":"2023-05-04 10:40:43","level":"INFO","file":"config.go:27","detail":"getting env. appID=wx5046b7123c5bb976, appSecret=6702f6773874195b079c1a161861946a\n"}
{"date":"2023-05-04 10:40:48","level":"INFO","file":"handler.go:58","detail":["receive user msg",{"XMLName":{"Space":"","Local":"xml"},"ToUserName":"gh_138ce676843c","FromUserName":"opCoc67q11dqd7FuI_BIxaUGYK-I","CreateTime":1683196849,"MsgType":"event","MsgID":0,"MsgDataId":"","Content":"","MediaID":"","PicURL":"","Format":"","ThumbMediaID":"","Event":"CLICK","EventKey":"V1001_THREE"}]}
{"date":"2023-05-04 10:40:48","level":"INFO","file":"sender_text.go:31","detail":["Send text msg",{"XMLName":{"Space":"","Local":""},"ToUserName":"opCoc67q11dqd7FuI_BIxaUGYK-I","FromUserName":"gh_138ce676843c","CreateTime":1683196848,"MsgType":"text","Content":"投币点赞收藏，一键三连！"}]}
{"date":"2023-05-04 10:40:53","level":"INFO","file":"handler.go:58","detail":["receive user msg",{"XMLName":{"Space":"","Local":"xml"},"ToUserName":"gh_138ce676843c","FromUserName":"opCoc67q11dqd7FuI_BIxaUGYK-I","CreateTime":1683196853,"MsgType":"event","MsgID":0,"MsgDataId":"","Content":"","MediaID":"","PicURL":"","Format":"","ThumbMediaID":"","Event":"CLICK","EventKey":"V2002_OTHER"}]}
{"date":"2023-05-04 10:40:53","level":"INFO","file":"sender_text.go:31","detail":["Send text msg",{"XMLName":{"Space":"","Local":""},"ToUserName":"opCoc67q11dqd7FuI_BIxaUGYK-I","FromUserName":"gh_138ce676843c","CreateTime":1683196853,"MsgType":"text","Content":"更多精彩，陆续上线中：\n\t\t\t\t(1) AI智能律师：帮忙提供日常法律援助；\n\t\t\t\t(2) 图片增强：优化模糊图片。"}]}
{"date":"2023-05-04 10:40:58","level":"INFO","file":"handler.go:58","detail":["receive user msg",{"XMLName":{"Space":"","Local":"xml"},"ToUserName":"gh_138ce676843c","FromUserName":"opCoc67q11dqd7FuI_BIxaUGYK-I","CreateTime":1683196858,"MsgType":"event","MsgID":0,"MsgDataId":"","Content":"","MediaID":"","PicURL":"","Format":"","ThumbMediaID":"","Event":"CLICK","EventKey":"V2001_IMG_BG"}]}
{"date":"2023-05-04 10:40:58","level":"INFO","file":"task_changebg.go:80","detail":["enter change bg","opCoc67q11dqd7FuI_BIxaUGYK-I"]}
{"date":"2023-05-04 10:40:58","level":"INFO","file":"sender_text.go:31","detail":["Send text msg",{"XMLName":{"Space":"","Local":""},"ToUserName":"opCoc67q11dqd7FuI_BIxaUGYK-I","FromUserName":"gh_138ce676843c","CreateTime":1683196858,"MsgType":"text","Content":"请1分钟内上传一张图片\n\t· 要求尽量上传清晰的人物照片\n\t· 图片大小不要超过8M\n\t· 如果退出这个功能，请回复“退出”"}]}
{"date":"2023-05-04 10:41:11","level":"INFO","file":"handler.go:58","detail":["receive user msg",{"XMLName":{"Space":"","Local":"xml"},"ToUserName":"gh_138ce676843c","FromUserName":"opCoc67q11dqd7FuI_BIxaUGYK-I","CreateTime":1683196870,"MsgType":"image","MsgID":24097585085900724,"MsgDataId":"","Content":"","MediaID":"crrblMQUseb2gDGr50JJdpksNylXSoPz0rUJgBiumSpVl2N_wyqorFEeCcJFg8ha","PicURL":"http://mmbiz.qpic.cn/mmbiz_jpg/ePat02zV9cibfQ2icwAbPDscOkcIf3MyQZbAwyPBmcZHXAx3DZCHdyI5SbibiaSHSwa7Rx4XZs03QhSDgeyv88OodA/0","Format":"","ThumbMediaID":"","Event":"","EventKey":""}]}
{"date":"2023-05-04 10:41:11","level":"INFO","file":"task_changebg.go:144","detail":["start change bg","opCoc67q11dqd7FuI_BIxaUGYK-I"]}
{"date":"2023-05-04 10:41:11","level":"INFO","file":"sender_text.go:31","detail":["Send text msg",{"XMLName":{"Space":"","Local":""},"ToUserName":"opCoc67q11dqd7FuI_BIxaUGYK-I","FromUserName":"gh_138ce676843c","CreateTime":1683196871,"MsgType":"text","Content":"图片正在处理中，请稍后......\n\t\t\tTip: 我不能主动给你发图片处理结果。所以，请回复“1”获取处理后的图片！"}]}
{"date":"2023-05-04 10:41:12","level":"INFO","file":"element_service.go:90","detail":["upload element","static/opCoc67q11dqd7FuI_BIxaUGYK-I.jpg"]}
{"date":"2023-05-04 10:41:17","level":"INFO","file":"handler.go:58","detail":["receive user msg",{"XMLName":{"Space":"","Local":"xml"},"ToUserName":"gh_138ce676843c","FromUserName":"opCoc67q11dqd7FuI_BIxaUGYK-I","CreateTime":1683196877,"MsgType":"text","MsgID":24097587312680428,"MsgDataId":"","Content":"1","MediaID":"","PicURL":"","Format":"","ThumbMediaID":"","Event":"","EventKey":""}]}
{"date":"2023-05-04 10:41:17","level":"INFO","file":"task_changebg.go:185","detail":["enter exit","opCoc67q11dqd7FuI_BIxaUGYK-I"]}
{"date":"2023-05-04 10:41:17","level":"INFO","file":"sender_image.go:31","detail":["Send text msg",{"XMLName":{"Space":"","Local":""},"ToUserName":"opCoc67q11dqd7FuI_BIxaUGYK-I","FromUserName":"gh_138ce676843c","CreateTime":1683196877,"MsgType":"image","MediaID":"crrblMQUseb2gDGr50JJdsHnSwHQciDaqsdYAU5_rziWxqblgQ1SXRP9jsCKoFKI"}]}
{"date":"2023-05-04 10:42:21","level":"INFO","file":"logger.go:22","detail":"init logger"}
{"date":"2023-05-04 10:42:21","level":"INFO","file":"config.go:27","detail":"getting env. appID=wx5046b7123c5bb976, appSecret=6702f6773874195b079c1a161861946a\n"}
{"date":"2023-05-04 10:42:55","level":"INFO","file":"handler.go:58","detail":["receive user msg",{"XMLName":{"Space":"","Local":"xml"},"ToUserName":"gh_138ce676843c","FromUserName":"opCoc67q11dqd7FuI_BIxaUGYK-I","CreateTime":1683196971,"MsgType":"event","MsgID":0,"MsgDataId":"","Content":"","MediaID":"","PicURL":"","Format":"","ThumbMediaID":"","Event":"CLICK","EventKey":"V1001_THREE"}]}
{"date":"2023-05-04 10:42:55","level":"INFO","file":"sender_text.go:31","detail":["Send text msg",{"XMLName":{"Space":"","Local":""},"ToUserName":"opCoc67q11dqd7FuI_BIxaUGYK-I","FromUserName":"gh_138ce676843c","CreateTime":1683196975,"MsgType":"text","Content":"投币点赞收藏，一键三连！"}]}
{"date":"2023-05-04 10:43:28","level":"INFO","file":"handler.go:58","detail":["receive user msg",{"XMLName":{"Space":"","Local":"xml"},"ToUserName":"gh_138ce676843c","FromUserName":"opCoc67q11dqd7FuI_BIxaUGYK-I","CreateTime":1683197009,"MsgType":"event","MsgID":0,"MsgDataId":"","Content":"","MediaID":"","PicURL":"","Format":"","ThumbMediaID":"","Event":"CLICK","EventKey":"V2001_IMG_BG"}]}
{"date":"2023-05-04 10:43:28","level":"INFO","file":"task_changebg.go:80","detail":["enter change bg","opCoc67q11dqd7FuI_BIxaUGYK-I"]}
{"date":"2023-05-04 10:43:28","level":"INFO","file":"sender_text.go:31","detail":["Send text msg",{"XMLName":{"Space":"","Local":""},"ToUserName":"opCoc67q11dqd7FuI_BIxaUGYK-I","FromUserName":"gh_138ce676843c","CreateTime":1683197008,"MsgType":"text","Content":"请1分钟内上传一张图片\n\t· 要求尽量上传清晰的人物照片\n\t· 图片大小不要超过8M\n\t· 如果退出这个功能，请回复“退出”"}]}
{"date":"2023-05-04 10:43:32","level":"INFO","file":"handler.go:58","detail":["receive user msg",{"XMLName":{"Space":"","Local":"xml"},"ToUserName":"gh_138ce676843c","FromUserName":"opCoc67q11dqd7FuI_BIxaUGYK-I","CreateTime":1683197013,"MsgType":"event","MsgID":0,"MsgDataId":"","Content":"","MediaID":"","PicURL":"","Format":"","ThumbMediaID":"","Event":"CLICK","EventKey":"V1001_THREE"}]}
{"date":"2023-05-04 10:43:32","level":"INFO","file":"task_changebg.go:93","detail":["req not image",{"XMLName":{"Space":"","Local":"xml"},"ToUserName":"gh_138ce676843c","FromUserName":"opCoc67q11dqd7FuI_BIxaUGYK-I","CreateTime":1683197013,"MsgType":"event","MsgID":0,"MsgDataId":"","Content":"","MediaID":"","PicURL":"","Format":"","ThumbMediaID":"","Event":"CLICK","EventKey":"V1001_THREE"}]}
{"date":"2023-05-04 10:43:32","level":"INFO","file":"sender_image.go:31","detail":["Send text msg",{"XMLName":{"Space":"","Local":""},"ToUserName":"opCoc67q11dqd7FuI_BIxaUGYK-I","FromUserName":"gh_138ce676843c","CreateTime":1683197012,"MsgType":"image","MediaID":"请上传图片或者回复“退出”~"}]}
{"date":"2023-05-04 10:43:42","level":"INFO","file":"handler.go:58","detail":["receive user msg",{"XMLName":{"Space":"","Local":"xml"},"ToUserName":"gh_138ce676843c","FromUserName":"opCoc67q11dqd7FuI_BIxaUGYK-I","CreateTime":1683197018,"MsgType":"event","MsgID":0,"MsgDataId":"","Content":"","MediaID":"","PicURL":"","Format":"","ThumbMediaID":"","Event":"CLICK","EventKey":"V1001_THREE"}]}
{"date":"2023-05-04 10:43:42","level":"INFO","file":"task_changebg.go:93","detail":["req not image",{"XMLName":{"Space":"","Local":"xml"},"ToUserName":"gh_138ce676843c","FromUserName":"opCoc67q11dqd7FuI_BIxaUGYK-I","CreateTime":1683197018,"MsgType":"event","MsgID":0,"MsgDataId":"","Content":"","MediaID":"","PicURL":"","Format":"","ThumbMediaID":"","Event":"CLICK","EventKey":"V1001_THREE"}]}
{"date":"2023-05-04 10:43:42","level":"INFO","file":"sender_image.go:31","detail":["Send text msg",{"XMLName":{"Space":"","Local":""},"ToUserName":"opCoc67q11dqd7FuI_BIxaUGYK-I","FromUserName":"gh_138ce676843c","CreateTime":1683197022,"MsgType":"image","MediaID":"请上传图片或者回复“退出”~"}]}
{"date":"2023-05-04 10:44:58","level":"INFO","file":"logger.go:22","detail":"init logger"}
{"date":"2023-05-04 10:44:58","level":"INFO","file":"config.go:27","detail":"getting env. appID=wx5046b7123c5bb976, appSecret=6702f6773874195b079c1a161861946a\n"}
{"date":"2023-05-04 10:45:19","level":"INFO","file":"handler.go:58","detail":["receive user msg",{"XMLName":{"Space":"","Local":"xml"},"ToUserName":"gh_138ce676843c","FromUserName":"opCoc67q11dqd7FuI_BIxaUGYK-I","CreateTime":1683197115,"MsgType":"event","MsgID":0,"MsgDataId":"","Content":"","MediaID":"","PicURL":"","Format":"","ThumbMediaID":"","Event":"CLICK","EventKey":"V2001_IMG_BG"}]}
{"date":"2023-05-04 10:45:19","level":"INFO","file":"task_changebg.go:80","detail":["enter change bg","opCoc67q11dqd7FuI_BIxaUGYK-I"]}
{"date":"2023-05-04 10:45:19","level":"INFO","file":"sender_text.go:31","detail":["Send text msg",{"XMLName":{"Space":"","Local":""},"ToUserName":"opCoc67q11dqd7FuI_BIxaUGYK-I","FromUserName":"gh_138ce676843c","CreateTime":1683197119,"MsgType":"text","Content":"请1分钟内上传一张图片\n\t· 要求尽量上传清晰的人物照片\n\t· 图片大小不要超过8M\n\t· 如果退出这个功能，请回复“退出”"}]}
{"date":"2023-05-04 10:45:32","level":"INFO","file":"handler.go:58","detail":["receive user msg",{"XMLName":{"Space":"","Local":"xml"},"ToUserName":"gh_138ce676843c","FromUserName":"opCoc67q11dqd7FuI_BIxaUGYK-I","CreateTime":1683197127,"MsgType":"text","MsgID":24097590036681472,"MsgDataId":"","Content":"qqq","MediaID":"","PicURL":"","Format":"","ThumbMediaID":"","Event":"","EventKey":""}]}
{"date":"2023-05-04 10:45:32","level":"INFO","file":"task_changebg.go:93","detail":["req not image",{"XMLName":{"Space":"","Local":"xml"},"ToUserName":"gh_138ce676843c","FromUserName":"opCoc67q11dqd7FuI_BIxaUGYK-I","CreateTime":1683197127,"MsgType":"text","MsgID":24097590036681472,"MsgDataId":"","Content":"qqq","MediaID":"","PicURL":"","Format":"","ThumbMediaID":"","Event":"","EventKey":""}]}
{"date":"2023-05-04 10:45:32","level":"INFO","file":"sender_text.go:31","detail":["Send text msg",{"XMLName":{"Space":"","Local":""},"ToUserName":"opCoc67q11dqd7FuI_BIxaUGYK-I","FromUserName":"gh_138ce676843c","CreateTime":1683197132,"MsgType":"text","Content":"请上传图片或者回复“退出”~"}]}
{"date":"2023-05-04 10:45:39","level":"INFO","file":"handler.go:58","detail":["receive user msg",{"XMLName":{"Space":"","Local":"xml"},"ToUserName":"gh_138ce676843c","FromUserName":"opCoc67q11dqd7FuI_BIxaUGYK-I","CreateTime":1683197139,"MsgType":"event","MsgID":0,"MsgDataId":"","Content":"","MediaID":"","PicURL":"","Format":"","ThumbMediaID":"","Event":"CLICK","EventKey":"V1001_THREE"}]}
{"date":"2023-05-04 10:45:39","level":"INFO","file":"task_changebg.go:93","detail":["req not image",{"XMLName":{"Space":"","Local":"xml"},"ToUserName":"gh_138ce676843c","FromUserName":"opCoc67q11dqd7FuI_BIxaUGYK-I","CreateTime":1683197139,"MsgType":"event","MsgID":0,"MsgDataId":"","Content":"","MediaID":"","PicURL":"","Format":"","ThumbMediaID":"","Event":"CLICK","EventKey":"V1001_THREE"}]}
{"date":"2023-05-04 10:45:39","level":"INFO","file":"sender_text.go:31","detail":["Send text msg",{"XMLName":{"Space":"","Local":""},"ToUserName":"opCoc67q11dqd7FuI_BIxaUGYK-I","FromUserName":"gh_138ce676843c","CreateTime":1683197139,"MsgType":"text","Content":"请上传图片或者回复“退出”~"}]}
{"date":"2023-05-04 10:45:49","level":"INFO","file":"handler.go:58","detail":["receive user msg",{"XMLName":{"Space":"","Local":"xml"},"ToUserName":"gh_138ce676843c","FromUserName":"opCoc67q11dqd7FuI_BIxaUGYK-I","CreateTime":1683197149,"MsgType":"image","MsgID":24097588390604492,"MsgDataId":"","Content":"","MediaID":"crrblMQUseb2gDGr50JJdmCIGoMKkQZhyg6uhXRjkeGqfHHsGSjcVEOLYTjZ-hfr","PicURL":"http://mmbiz.qpic.cn/mmbiz_jpg/ePat02zV9cibfQ2icwAbPDscOkcIf3MyQZbAwyPBmcZHXAx3DZCHdyI5SbibiaSHSwa7Rx4XZs03QhSDgeyv88OodA/0","Format":"","ThumbMediaID":"","Event":"","EventKey":""}]}
{"date":"2023-05-04 10:45:49","level":"INFO","file":"task_changebg.go:144","detail":["start change bg","opCoc67q11dqd7FuI_BIxaUGYK-I"]}
{"date":"2023-05-04 10:45:49","level":"INFO","file":"sender_text.go:31","detail":["Send text msg",{"XMLName":{"Space":"","Local":""},"ToUserName":"opCoc67q11dqd7FuI_BIxaUGYK-I","FromUserName":"gh_138ce676843c","CreateTime":1683197149,"MsgType":"text","Content":"图片正在处理中，请稍后......\n\t\t\tTip: 我不能主动给你发图片处理结果。所以，请回复“1”获取处理后的图片！"}]}
{"date":"2023-05-04 10:45:50","level":"INFO","file":"element_service.go:90","detail":["upload element","static/opCoc67q11dqd7FuI_BIxaUGYK-I.jpg"]}
{"date":"2023-05-04 10:45:55","level":"INFO","file":"handler.go:58","detail":["receive user msg",{"XMLName":{"Space":"","Local":"xml"},"ToUserName":"gh_138ce676843c","FromUserName":"opCoc67q11dqd7FuI_BIxaUGYK-I","CreateTime":1683197155,"MsgType":"text","MsgID":24097592269494343,"MsgDataId":"","Content":"1","MediaID":"","PicURL":"","Format":"","ThumbMediaID":"","Event":"","EventKey":""}]}
{"date":"2023-05-04 10:45:55","level":"INFO","file":"task_changebg.go:188","detail":["enter exit","opCoc67q11dqd7FuI_BIxaUGYK-I"]}
{"date":"2023-05-04 10:45:55","level":"INFO","file":"sender_image.go:31","detail":["Send text msg",{"XMLName":{"Space":"","Local":""},"ToUserName":"opCoc67q11dqd7FuI_BIxaUGYK-I","FromUserName":"gh_138ce676843c","CreateTime":1683197155,"MsgType":"image","MediaID":"crrblMQUseb2gDGr50JJdvztF-qBwjBwnZkuOEPwZY89OifQP7k3dMtJu0dwNRRT"}]}
{"date":"2023-05-04 10:49:38","level":"INFO","file":"logger.go:22","detail":"init logger"}
{"date":"2023-05-04 10:49:38","level":"INFO","file":"config.go:29","detail":"getting env. appID=wx5046b7123c5bb976, appSecret=6702f6773874195b079c1a161861946a, bg_key=1DQffN3hmh9tKYroLHZXbaeH\n"}
{"date":"2023-05-04 10:49:55","level":"INFO","file":"handler.go:58","detail":["receive user msg",{"XMLName":{"Space":"","Local":"xml"},"ToUserName":"gh_138ce676843c","FromUserName":"opCoc67q11dqd7FuI_BIxaUGYK-I","CreateTime":1683197390,"MsgType":"event","MsgID":0,"MsgDataId":"","Content":"","MediaID":"","PicURL":"","Format":"","ThumbMediaID":"","Event":"CLICK","EventKey":"V2001_IMG_BG"}]}
{"date":"2023-05-04 10:49:55","level":"INFO","file":"task_changebg.go:82","detail":["enter change bg","opCoc67q11dqd7FuI_BIxaUGYK-I"]}
{"date":"2023-05-04 10:49:55","level":"INFO","file":"sender_text.go:31","detail":["Send text msg",{"XMLName":{"Space":"","Local":""},"ToUserName":"opCoc67q11dqd7FuI_BIxaUGYK-I","FromUserName":"gh_138ce676843c","CreateTime":1683197395,"MsgType":"text","Content":"请1分钟内上传一张图片\n\t· 要求尽量上传清晰的人物照片\n\t· 图片大小不要超过8M\n\t· 如果退出这个功能，请回复“退出”"}]}
{"date":"2023-05-04 10:50:15","level":"INFO","file":"handler.go:58","detail":["receive user msg",{"XMLName":{"Space":"","Local":"xml"},"ToUserName":"gh_138ce676843c","FromUserName":"opCoc67q11dqd7FuI_BIxaUGYK-I","CreateTime":1683197414,"MsgType":"image","MsgID":24097594376974070,"MsgDataId":"","Content":"","MediaID":"crrblMQUseb2gDGr50JJdu6TIPnBpp7yLtXDMJ_66GgV3TIg0xYVAHOSRrRAPWwq","PicURL":"http://mmbiz.qpic.cn/mmbiz_jpg/ePat02zV9cibfQ2icwAbPDscOkcIf3MyQZaXjAR5v0viapZPtwtOobgibnANIt15ROFKRXp3SFTpgW96euBeiaZS4lw/0","Format":"","ThumbMediaID":"","Event":"","EventKey":""}]}
{"date":"2023-05-04 10:50:15","level":"INFO","file":"task_changebg.go:144","detail":["start change bg","opCoc67q11dqd7FuI_BIxaUGYK-I"]}
{"date":"2023-05-04 10:50:15","level":"INFO","file":"sender_text.go:31","detail":["Send text msg",{"XMLName":{"Space":"","Local":""},"ToUserName":"opCoc67q11dqd7FuI_BIxaUGYK-I","FromUserName":"gh_138ce676843c","CreateTime":1683197415,"MsgType":"text","Content":"图片正在处理中，请稍后......\n\t\t\tTip: 我不能主动给你发图片处理结果。所以，请回复“1”获取处理后的图片！"}]}
{"date":"2023-05-04 10:50:19","level":"INFO","file":"task_changebg.go:257","detail":"change bg exec doner. esponse header: used credit=0\n"}
{"date":"2023-05-04 10:50:19","level":"INFO","file":"file.go:34","detail":["save success","./static/opCoc67q11dqd7FuI_BIxaUGYK-I_24097594376974070.jpg"]}
{"date":"2023-05-04 10:50:20","level":"INFO","file":"element_service.go:90","detail":["upload element","./static/opCoc67q11dqd7FuI_BIxaUGYK-I_24097594376974070.jpg"]}
{"date":"2023-05-04 10:50:22","level":"INFO","file":"handler.go:58","detail":["receive user msg",{"XMLName":{"Space":"","Local":"xml"},"ToUserName":"gh_138ce676843c","FromUserName":"opCoc67q11dqd7FuI_BIxaUGYK-I","CreateTime":1683197422,"MsgType":"text","MsgID":24097596348066610,"MsgDataId":"","Content":"1","MediaID":"","PicURL":"","Format":"","ThumbMediaID":"","Event":"","EventKey":""}]}
{"date":"2023-05-04 10:50:22","level":"INFO","file":"task_changebg.go:188","detail":["enter exit","opCoc67q11dqd7FuI_BIxaUGYK-I"]}
{"date":"2023-05-04 10:50:22","level":"INFO","file":"sender_image.go:31","detail":["Send text msg",{"XMLName":{"Space":"","Local":""},"ToUserName":"opCoc67q11dqd7FuI_BIxaUGYK-I","FromUserName":"gh_138ce676843c","CreateTime":1683197422,"MsgType":"image","MediaID":"crrblMQUseb2gDGr50JJdjJ3GUqlL8OZUnbIQzoMfIL23TfsjRgrFkSYYuDWQiFg"}]}
